0 info it worked if it ends with ok
1 verbose cli [ '/usr/local/bin/node', '/usr/local/bin/npm', 'install' ]
2 info using npm@3.10.3
3 info using node@v6.2.2
4 silly loadCurrentTree Starting
5 silly install loadCurrentTree
6 silly install readLocalPackageData
7 silly install normalizeTree
8 silly loadCurrentTree Finishing
9 silly loadIdealTree Starting
10 silly install loadIdealTree
11 silly cloneCurrentTree Starting
12 silly install cloneCurrentTreeToIdealTree
13 silly cloneCurrentTree Finishing
14 silly loadShrinkwrap Starting
15 silly install loadShrinkwrap
16 silly loadShrinkwrap Finishing
17 silly loadAllDepsIntoIdealTree Starting
18 silly install loadAllDepsIntoIdealTree
19 silly fetchNamedPackageData bcrypt
20 silly mapToRegistry name bcrypt
21 silly mapToRegistry using default registry
22 silly mapToRegistry registry https://registry.npmjs.org/
23 silly mapToRegistry data Result {
23 silly mapToRegistry   raw: 'bcrypt',
23 silly mapToRegistry   scope: null,
23 silly mapToRegistry   escapedName: 'bcrypt',
23 silly mapToRegistry   name: 'bcrypt',
23 silly mapToRegistry   rawSpec: '',
23 silly mapToRegistry   spec: 'latest',
23 silly mapToRegistry   type: 'tag' }
24 silly mapToRegistry uri https://registry.npmjs.org/bcrypt
25 verbose request uri https://registry.npmjs.org/bcrypt
26 verbose request no auth needed
27 info attempt registry request try #1 at 6:11:16 PM
28 verbose request id 20a3e0aa9618c53c
29 verbose etag "2DT1M52LQCJ85OPJBWBERQK0S"
30 http request GET https://registry.npmjs.org/bcrypt
31 http 304 https://registry.npmjs.org/bcrypt
32 verbose headers { date: 'Mon, 04 Jul 2016 23:11:31 GMT',
32 verbose headers   via: '1.1 varnish',
32 verbose headers   'cache-control': 'max-age=300',
32 verbose headers   etag: '"2DT1M52LQCJ85OPJBWBERQK0S"',
32 verbose headers   age: '0',
32 verbose headers   connection: 'keep-alive',
32 verbose headers   'x-served-by': 'cache-ord1740-ORD',
32 verbose headers   'x-cache': 'HIT',
32 verbose headers   'x-cache-hits': '1',
32 verbose headers   'x-timer': 'S1467673891.017741,VS0,VE128',
32 verbose headers   vary: 'Accept-Encoding' }
33 silly get cb [ 304,
33 silly get   { date: 'Mon, 04 Jul 2016 23:11:31 GMT',
33 silly get     via: '1.1 varnish',
33 silly get     'cache-control': 'max-age=300',
33 silly get     etag: '"2DT1M52LQCJ85OPJBWBERQK0S"',
33 silly get     age: '0',
33 silly get     connection: 'keep-alive',
33 silly get     'x-served-by': 'cache-ord1740-ORD',
33 silly get     'x-cache': 'HIT',
33 silly get     'x-cache-hits': '1',
33 silly get     'x-timer': 'S1467673891.017741,VS0,VE128',
33 silly get     vary: 'Accept-Encoding' } ]
34 verbose etag https://registry.npmjs.org/bcrypt from cache
35 verbose get saving bcrypt to /Users/thomaschester/.npm/registry.npmjs.org/bcrypt/.cache.json
36 verbose correctMkdir /Users/thomaschester/.npm correctMkdir not in flight; initializing
37 silly resolveWithNewModule bcrypt@0.8.7 checking installable status
38 silly cache add args [ 'bcrypt@^0.8.6', null ]
39 verbose cache add spec bcrypt@^0.8.6
40 silly cache add parsed spec Result {
40 silly cache add   raw: 'bcrypt@^0.8.6',
40 silly cache add   scope: null,
40 silly cache add   escapedName: 'bcrypt',
40 silly cache add   name: 'bcrypt',
40 silly cache add   rawSpec: '^0.8.6',
40 silly cache add   spec: '>=0.8.6 <0.9.0',
40 silly cache add   type: 'range' }
41 silly addNamed bcrypt@>=0.8.6 <0.9.0
42 verbose addNamed ">=0.8.6 <0.9.0" is a valid semver range for bcrypt
43 silly addNameRange { name: 'bcrypt', range: '>=0.8.6 <0.9.0', hasData: false }
44 silly mapToRegistry name bcrypt
45 silly mapToRegistry using default registry
46 silly mapToRegistry registry https://registry.npmjs.org/
47 silly mapToRegistry data Result {
47 silly mapToRegistry   raw: 'bcrypt',
47 silly mapToRegistry   scope: null,
47 silly mapToRegistry   escapedName: 'bcrypt',
47 silly mapToRegistry   name: 'bcrypt',
47 silly mapToRegistry   rawSpec: '',
47 silly mapToRegistry   spec: 'latest',
47 silly mapToRegistry   type: 'tag' }
48 silly mapToRegistry uri https://registry.npmjs.org/bcrypt
49 verbose addNameRange registry:https://registry.npmjs.org/bcrypt not in flight; fetching
50 verbose get https://registry.npmjs.org/bcrypt not expired, no request
51 silly addNameRange number 2 { name: 'bcrypt', range: '>=0.8.6 <0.9.0', hasData: true }
52 silly addNameRange versions [ 'bcrypt',
52 silly addNameRange   [ '0.1.2',
52 silly addNameRange     '0.2.0',
52 silly addNameRange     '0.2.1',
52 silly addNameRange     '0.1.3',
52 silly addNameRange     '0.2.2',
52 silly addNameRange     '0.2.3',
52 silly addNameRange     '0.2.4',
52 silly addNameRange     '0.3.0',
52 silly addNameRange     '0.3.1',
52 silly addNameRange     '0.3.2',
52 silly addNameRange     '0.4.0',
52 silly addNameRange     '0.4.1',
52 silly addNameRange     '0.5.0',
52 silly addNameRange     '0.6.0',
52 silly addNameRange     '0.7.0',
52 silly addNameRange     '0.7.1',
52 silly addNameRange     '0.7.2',
52 silly addNameRange     '0.7.3',
52 silly addNameRange     '0.7.4',
52 silly addNameRange     '0.7.5',
52 silly addNameRange     '0.7.6',
52 silly addNameRange     '0.7.7',
52 silly addNameRange     '0.7.8',
52 silly addNameRange     '0.8.0',
52 silly addNameRange     '0.8.1',
52 silly addNameRange     '0.8.2',
52 silly addNameRange     '0.8.3',
52 silly addNameRange     '0.8.4',
52 silly addNameRange     '0.8.5',
52 silly addNameRange     '0.8.6',
52 silly addNameRange     '0.8.7' ] ]
53 silly addNamed bcrypt@0.8.7
54 verbose addNamed "0.8.7" is a plain semver version for bcrypt
55 silly cache afterAdd bcrypt@0.8.7
56 verbose afterAdd /Users/thomaschester/.npm/bcrypt/0.8.7/package/package.json not in flight; writing
57 verbose correctMkdir /Users/thomaschester/.npm correctMkdir not in flight; initializing
58 verbose afterAdd /Users/thomaschester/.npm/bcrypt/0.8.7/package/package.json written
59 silly fetchNamedPackageData nan
60 silly mapToRegistry name nan
61 silly mapToRegistry using default registry
62 silly mapToRegistry registry https://registry.npmjs.org/
63 silly mapToRegistry data Result {
63 silly mapToRegistry   raw: 'nan',
63 silly mapToRegistry   scope: null,
63 silly mapToRegistry   escapedName: 'nan',
63 silly mapToRegistry   name: 'nan',
63 silly mapToRegistry   rawSpec: '',
63 silly mapToRegistry   spec: 'latest',
63 silly mapToRegistry   type: 'tag' }
64 silly mapToRegistry uri https://registry.npmjs.org/nan
65 verbose request uri https://registry.npmjs.org/nan
66 verbose request no auth needed
67 info attempt registry request try #1 at 6:11:31 PM
68 verbose etag "12RFHNMU7CS3WJ1892HQLM0NB"
69 http request GET https://registry.npmjs.org/nan
70 http 304 https://registry.npmjs.org/nan
71 verbose headers { date: 'Mon, 04 Jul 2016 23:11:42 GMT',
71 verbose headers   via: '1.1 varnish',
71 verbose headers   'cache-control': 'max-age=300',
71 verbose headers   etag: '"12RFHNMU7CS3WJ1892HQLM0NB"',
71 verbose headers   age: '213',
71 verbose headers   connection: 'keep-alive',
71 verbose headers   'x-served-by': 'cache-ord1740-ORD',
71 verbose headers   'x-cache': 'HIT',
71 verbose headers   'x-cache-hits': '2',
71 verbose headers   'x-timer': 'S1467673902.089535,VS0,VE0',
71 verbose headers   vary: 'Accept-Encoding' }
72 silly get cb [ 304,
72 silly get   { date: 'Mon, 04 Jul 2016 23:11:42 GMT',
72 silly get     via: '1.1 varnish',
72 silly get     'cache-control': 'max-age=300',
72 silly get     etag: '"12RFHNMU7CS3WJ1892HQLM0NB"',
72 silly get     age: '213',
72 silly get     connection: 'keep-alive',
72 silly get     'x-served-by': 'cache-ord1740-ORD',
72 silly get     'x-cache': 'HIT',
72 silly get     'x-cache-hits': '2',
72 silly get     'x-timer': 'S1467673902.089535,VS0,VE0',
72 silly get     vary: 'Accept-Encoding' } ]
73 verbose etag https://registry.npmjs.org/nan from cache
74 verbose get saving nan to /Users/thomaschester/.npm/registry.npmjs.org/nan/.cache.json
75 verbose correctMkdir /Users/thomaschester/.npm correctMkdir not in flight; initializing
76 silly resolveWithNewModule nan@2.3.5 checking installable status
77 silly cache add args [ 'nan@2.3.5', null ]
78 verbose cache add spec nan@2.3.5
79 silly cache add parsed spec Result {
79 silly cache add   raw: 'nan@2.3.5',
79 silly cache add   scope: null,
79 silly cache add   escapedName: 'nan',
79 silly cache add   name: 'nan',
79 silly cache add   rawSpec: '2.3.5',
79 silly cache add   spec: '2.3.5',
79 silly cache add   type: 'version' }
80 silly addNamed nan@2.3.5
81 verbose addNamed "2.3.5" is a plain semver version for nan
82 silly mapToRegistry name nan
83 silly mapToRegistry using default registry
84 silly mapToRegistry registry https://registry.npmjs.org/
85 silly mapToRegistry data Result {
85 silly mapToRegistry   raw: 'nan',
85 silly mapToRegistry   scope: null,
85 silly mapToRegistry   escapedName: 'nan',
85 silly mapToRegistry   name: 'nan',
85 silly mapToRegistry   rawSpec: '',
85 silly mapToRegistry   spec: 'latest',
85 silly mapToRegistry   type: 'tag' }
86 silly mapToRegistry uri https://registry.npmjs.org/nan
87 verbose addNameVersion registry:https://registry.npmjs.org/nan not in flight; fetching
88 verbose get https://registry.npmjs.org/nan not expired, no request
89 silly cache afterAdd nan@2.3.5
90 verbose afterAdd /Users/thomaschester/.npm/nan/2.3.5/package/package.json not in flight; writing
91 verbose correctMkdir /Users/thomaschester/.npm correctMkdir not in flight; initializing
92 verbose afterAdd /Users/thomaschester/.npm/nan/2.3.5/package/package.json written
93 silly loadAllDepsIntoIdealTree Finishing
94 silly loadIdealTree Finishing
95 silly currentTree duplexchicks@1.0.0
95 silly currentTree ├── abbrev@1.0.7
95 silly currentTree ├── accepts@1.2.13
95 silly currentTree ├── align-text@0.1.4
95 silly currentTree ├── angular-animate@1.5.5
95 silly currentTree ├── angular-aria@1.5.5
95 silly currentTree ├── angular-chartjs@0.0.5
95 silly currentTree ├── angular-google-chart@0.1.0
95 silly currentTree ├── angular-material-data-table@0.10.9
95 silly currentTree ├── angular-material@1.0.7
95 silly currentTree ├── angular-messages@1.5.5
95 silly currentTree ├── angular-route@1.5.5
95 silly currentTree ├── angular@1.5.5
95 silly currentTree ├── angularjs-slider@2.11.0
95 silly currentTree ├── ansi-regex@2.0.0
95 silly currentTree ├── ansi-styles@2.2.1
95 silly currentTree ├── argparse@1.0.7
95 silly currentTree ├── array-find-index@1.0.1
95 silly currentTree ├── array-flatten@1.1.1
95 silly currentTree ├── async@1.5.2
95 silly currentTree ├── balanced-match@0.3.0
95 silly currentTree ├── base64-url@1.2.1
95 silly currentTree ├── bindings@1.2.1
95 silly currentTree ├── bluebird@2.10.2
95 silly currentTree ├─┬ body-parser@1.15.0
95 silly currentTree │ ├── http-errors@1.4.0
95 silly currentTree │ └── qs@6.1.0
95 silly currentTree ├── brace-expansion@1.1.3
95 silly currentTree ├── browserify-zlib@0.1.4
95 silly currentTree ├── bson@0.4.23
95 silly currentTree ├── builtin-modules@1.1.1
95 silly currentTree ├── bytes@2.2.0
95 silly currentTree ├── camelcase-keys@2.1.0
95 silly currentTree ├── camelcase@2.1.1
95 silly currentTree ├── center-align@0.1.3
95 silly currentTree ├── chalk@1.1.3
95 silly currentTree ├── cliui@2.1.0
95 silly currentTree ├── coffee-script@1.10.0
95 silly currentTree ├── colors@1.1.2
95 silly currentTree ├── concat-map@0.0.1
95 silly currentTree ├─┬ concat-stream@1.5.1
95 silly currentTree │ └── readable-stream@2.0.6
95 silly currentTree ├── content-disposition@0.5.1
95 silly currentTree ├── content-type@1.0.1
95 silly currentTree ├─┬ cookie-parser@1.4.1
95 silly currentTree │ └── cookie@0.2.3
95 silly currentTree ├── cookie-signature@1.0.6
95 silly currentTree ├── cookie@0.1.5
95 silly currentTree ├── core-util-is@1.0.2
95 silly currentTree ├── crc@3.4.0
95 silly currentTree ├── dateformat@1.0.12
95 silly currentTree ├── debug@2.2.0
95 silly currentTree ├── decamelize@1.2.0
95 silly currentTree ├── depd@1.1.0
95 silly currentTree ├── destroy@1.0.4
95 silly currentTree ├── ee-first@1.1.1
95 silly currentTree ├── error-ex@1.3.0
95 silly currentTree ├── es6-promise@3.0.2
95 silly currentTree ├── escape-html@1.0.3
95 silly currentTree ├── escape-string-regexp@1.0.5
95 silly currentTree ├── esprima@2.7.2
95 silly currentTree ├── etag@1.7.0
95 silly currentTree ├── eventemitter2@0.4.14
95 silly currentTree ├── exit@0.1.2
95 silly currentTree ├─┬ express-session@1.13.0
95 silly currentTree │ └── cookie@0.2.3
95 silly currentTree ├── express@4.13.4
95 silly currentTree ├── figures@1.5.0
95 silly currentTree ├── file-sync-cmp@0.1.1
95 silly currentTree ├── finalhandler@0.4.1
95 silly currentTree ├── find-up@1.1.2
95 silly currentTree ├─┬ findup-sync@0.3.0
95 silly currentTree │ └── glob@5.0.15
95 silly currentTree ├── forwarded@0.1.0
95 silly currentTree ├── fresh@0.3.0
95 silly currentTree ├── get-stdin@4.0.1
95 silly currentTree ├── getobject@0.1.0
95 silly currentTree ├── glob@7.0.3
95 silly currentTree ├── graceful-fs@4.1.3
95 silly currentTree ├── grunt-contrib-copy@1.0.0
95 silly currentTree ├─┬ grunt-contrib-uglify@1.0.1
95 silly currentTree │ └── lodash@4.11.1
95 silly currentTree ├── grunt-known-options@1.1.0
95 silly currentTree ├─┬ grunt-legacy-log-utils@1.0.0
95 silly currentTree │ └── lodash@4.3.0
95 silly currentTree ├── grunt-legacy-log@1.0.0
95 silly currentTree ├─┬ grunt-legacy-util@1.0.0
95 silly currentTree │ └── lodash@4.3.0
95 silly currentTree ├─┬ grunt@1.0.1
95 silly currentTree │ └── grunt-cli@1.2.0
95 silly currentTree ├── gzip-size@1.0.0
95 silly currentTree ├── has-ansi@2.0.0
95 silly currentTree ├── hooker@0.2.3
95 silly currentTree ├── hooks-fixed@1.1.0
95 silly currentTree ├── hosted-git-info@2.1.4
95 silly currentTree ├── http-errors@1.3.1
95 silly currentTree ├── iconv-lite@0.4.13
95 silly currentTree ├── indent-string@2.1.0
95 silly currentTree ├── inflight@1.0.4
95 silly currentTree ├── inherits@2.0.1
95 silly currentTree ├── ipaddr.js@1.0.5
95 silly currentTree ├── is-absolute@0.1.7
95 silly currentTree ├── is-arrayish@0.2.1
95 silly currentTree ├── is-buffer@1.1.3
95 silly currentTree ├── is-builtin-module@1.0.0
95 silly currentTree ├── is-finite@1.0.1
95 silly currentTree ├── is-relative@0.1.3
95 silly currentTree ├── is-utf8@0.2.1
95 silly currentTree ├── isarray@1.0.0
95 silly currentTree ├── isexe@1.1.2
95 silly currentTree ├── js-yaml@3.5.5
95 silly currentTree ├── kareem@1.0.1
95 silly currentTree ├── kind-of@3.0.2
95 silly currentTree ├── lazy-cache@1.0.4
95 silly currentTree ├── load-json-file@1.1.0
95 silly currentTree ├── lodash@3.10.1
95 silly currentTree ├── longest@1.0.1
95 silly currentTree ├── loud-rejection@1.3.0
95 silly currentTree ├── map-obj@1.0.1
95 silly currentTree ├── maxmin@1.1.0
95 silly currentTree ├── media-typer@0.3.0
95 silly currentTree ├── meow@3.7.0
95 silly currentTree ├── merge-descriptors@1.0.1
95 silly currentTree ├── methods@1.1.2
95 silly currentTree ├── mime-db@1.22.0
95 silly currentTree ├── mime-types@2.1.10
95 silly currentTree ├── mime@1.3.4
95 silly currentTree ├── minimatch@3.0.0
95 silly currentTree ├── minimist@1.2.0
95 silly currentTree ├── mongo@0.1.0
95 silly currentTree ├── mongodb-core@1.3.16
95 silly currentTree ├── mongodb@2.1.16
95 silly currentTree ├── mongoose@4.4.12
95 silly currentTree ├── mpath@0.2.1
95 silly currentTree ├── mpromise@0.5.5
95 silly currentTree ├─┬ mquery@1.10.0
95 silly currentTree │ └── sliced@0.0.5
95 silly currentTree ├── ms@0.7.1
95 silly currentTree ├── muri@1.1.0
95 silly currentTree ├── negotiator@0.5.3
95 silly currentTree ├─┬ nodemailer@2.3.2
95 silly currentTree │ ├── addressparser@1.0.1
95 silly currentTree │ ├── buildmail@3.6.0
95 silly currentTree │ ├── iconv-lite@0.4.13
95 silly currentTree │ ├── ip@1.1.2
95 silly currentTree │ ├── libbase64@0.1.0
95 silly currentTree │ ├── libmime@2.0.3
95 silly currentTree │ ├── libqp@1.1.0
95 silly currentTree │ ├── mailcomposer@3.7.0
95 silly currentTree │ ├── nodemailer-direct-transport@3.0.7
95 silly currentTree │ ├── nodemailer-fetch@1.3.0
95 silly currentTree │ ├── nodemailer-shared@1.0.4
95 silly currentTree │ ├── nodemailer-smtp-pool@2.5.2
95 silly currentTree │ ├── nodemailer-smtp-transport@2.4.2
95 silly currentTree │ ├── nodemailer-wellknown@0.1.8
95 silly currentTree │ ├── smart-buffer@1.0.4
95 silly currentTree │ ├── smtp-connection@2.3.2
95 silly currentTree │ └── socks@1.1.9
95 silly currentTree ├── nopt@3.0.6
95 silly currentTree ├── normalize-package-data@2.3.5
95 silly currentTree ├── number-is-nan@1.0.0
95 silly currentTree ├── object-assign@4.0.1
95 silly currentTree ├── on-finished@2.3.0
95 silly currentTree ├── on-headers@1.0.1
95 silly currentTree ├── once@1.3.3
95 silly currentTree ├── pako@0.2.8
95 silly currentTree ├── parse-json@2.2.0
95 silly currentTree ├── parseurl@1.3.1
95 silly currentTree ├── passport-local@1.0.0
95 silly currentTree ├── passport-strategy@1.0.0
95 silly currentTree ├── passport@0.3.2
95 silly currentTree ├── path-exists@2.1.0
95 silly currentTree ├── path-is-absolute@1.0.0
95 silly currentTree ├── path-to-regexp@0.1.7
95 silly currentTree ├── path-type@1.1.0
95 silly currentTree ├── pause@0.0.1
95 silly currentTree ├── pify@2.3.0
95 silly currentTree ├── pinkie-promise@2.0.1
95 silly currentTree ├── pinkie@2.0.4
95 silly currentTree ├── pretty-bytes@1.0.4
95 silly currentTree ├── process-nextick-args@1.0.6
95 silly currentTree ├── proxy-addr@1.0.10
95 silly currentTree ├── qs@4.0.0
95 silly currentTree ├── range-parser@1.0.3
95 silly currentTree ├─┬ raw-body@2.1.6
95 silly currentTree │ └── bytes@2.3.0
95 silly currentTree ├── read-pkg-up@1.0.1
95 silly currentTree ├── read-pkg@1.1.0
95 silly currentTree ├─┬ readable-stream@1.0.31
95 silly currentTree │ └── isarray@0.0.1
95 silly currentTree ├── redent@1.0.0
95 silly currentTree ├── regexp-clone@0.0.1
95 silly currentTree ├── repeat-string@1.5.4
95 silly currentTree ├── repeating@2.0.1
95 silly currentTree ├── require_optional@1.0.0
95 silly currentTree ├── resolve-from@2.0.0
95 silly currentTree ├── resolve@1.1.7
95 silly currentTree ├── right-align@0.1.3
95 silly currentTree ├── rimraf@2.2.8
95 silly currentTree ├── semver@5.1.0
95 silly currentTree ├── send@0.13.1
95 silly currentTree ├── serve-static@1.10.2
95 silly currentTree ├── signal-exit@2.1.2
95 silly currentTree ├── sliced@1.0.1
95 silly currentTree ├── source-map@0.5.5
95 silly currentTree ├── spdx-correct@1.0.2
95 silly currentTree ├── spdx-exceptions@1.0.4
95 silly currentTree ├── spdx-expression-parse@1.0.2
95 silly currentTree ├── spdx-license-ids@1.2.1
95 silly currentTree ├── sprintf-js@1.0.3
95 silly currentTree ├── statuses@1.2.1
95 silly currentTree ├── string_decoder@0.10.31
95 silly currentTree ├── strip-ansi@3.0.1
95 silly currentTree ├── strip-bom@2.0.0
95 silly currentTree ├── strip-indent@1.0.1
95 silly currentTree ├── supports-color@2.0.0
95 silly currentTree ├── trim-newlines@1.0.0
95 silly currentTree ├── type-is@1.6.12
95 silly currentTree ├── typedarray@0.0.6
95 silly currentTree ├─┬ uglify-js@2.6.2
95 silly currentTree │ └── async@0.2.10
95 silly currentTree ├── uglify-to-browserify@1.0.2
95 silly currentTree ├── uid-safe@2.0.0
95 silly currentTree ├── underscore.string@3.2.3
95 silly currentTree ├── unpipe@1.0.0
95 silly currentTree ├── uri-path@1.0.0
95 silly currentTree ├── util-deprecate@1.0.2
95 silly currentTree ├── utils-merge@1.0.0
95 silly currentTree ├── validate-npm-package-license@3.0.1
95 silly currentTree ├── vary@1.0.1
95 silly currentTree ├── which@1.2.4
95 silly currentTree ├── window-size@0.1.0
95 silly currentTree ├── wordwrap@0.0.2
95 silly currentTree ├── wrappy@1.0.1
95 silly currentTree └─┬ yargs@3.10.0
95 silly currentTree   └── camelcase@1.2.1
96 silly idealTree duplexchicks@1.0.0
96 silly idealTree ├── abbrev@1.0.7
96 silly idealTree ├── accepts@1.2.13
96 silly idealTree ├── align-text@0.1.4
96 silly idealTree ├── angular-animate@1.5.5
96 silly idealTree ├── angular-aria@1.5.5
96 silly idealTree ├── angular-chartjs@0.0.5
96 silly idealTree ├── angular-google-chart@0.1.0
96 silly idealTree ├── angular-material-data-table@0.10.9
96 silly idealTree ├── angular-material@1.0.7
96 silly idealTree ├── angular-messages@1.5.5
96 silly idealTree ├── angular-route@1.5.5
96 silly idealTree ├── angular@1.5.5
96 silly idealTree ├── angularjs-slider@2.11.0
96 silly idealTree ├── ansi-regex@2.0.0
96 silly idealTree ├── ansi-styles@2.2.1
96 silly idealTree ├── argparse@1.0.7
96 silly idealTree ├── array-find-index@1.0.1
96 silly idealTree ├── array-flatten@1.1.1
96 silly idealTree ├── async@1.5.2
96 silly idealTree ├── balanced-match@0.3.0
96 silly idealTree ├── base64-url@1.2.1
96 silly idealTree ├── bcrypt@0.8.7
96 silly idealTree ├── bindings@1.2.1
96 silly idealTree ├── bluebird@2.10.2
96 silly idealTree ├─┬ body-parser@1.15.0
96 silly idealTree │ ├── http-errors@1.4.0
96 silly idealTree │ └── qs@6.1.0
96 silly idealTree ├── brace-expansion@1.1.3
96 silly idealTree ├── browserify-zlib@0.1.4
96 silly idealTree ├── bson@0.4.23
96 silly idealTree ├── builtin-modules@1.1.1
96 silly idealTree ├── bytes@2.2.0
96 silly idealTree ├── camelcase-keys@2.1.0
96 silly idealTree ├── camelcase@2.1.1
96 silly idealTree ├── center-align@0.1.3
96 silly idealTree ├── chalk@1.1.3
96 silly idealTree ├── cliui@2.1.0
96 silly idealTree ├── coffee-script@1.10.0
96 silly idealTree ├── colors@1.1.2
96 silly idealTree ├── concat-map@0.0.1
96 silly idealTree ├─┬ concat-stream@1.5.1
96 silly idealTree │ └── readable-stream@2.0.6
96 silly idealTree ├── content-disposition@0.5.1
96 silly idealTree ├── content-type@1.0.1
96 silly idealTree ├─┬ cookie-parser@1.4.1
96 silly idealTree │ └── cookie@0.2.3
96 silly idealTree ├── cookie-signature@1.0.6
96 silly idealTree ├── cookie@0.1.5
96 silly idealTree ├── core-util-is@1.0.2
96 silly idealTree ├── crc@3.4.0
96 silly idealTree ├── dateformat@1.0.12
96 silly idealTree ├── debug@2.2.0
96 silly idealTree ├── decamelize@1.2.0
96 silly idealTree ├── depd@1.1.0
96 silly idealTree ├── destroy@1.0.4
96 silly idealTree ├── ee-first@1.1.1
96 silly idealTree ├── error-ex@1.3.0
96 silly idealTree ├── es6-promise@3.0.2
96 silly idealTree ├── escape-html@1.0.3
96 silly idealTree ├── escape-string-regexp@1.0.5
96 silly idealTree ├── esprima@2.7.2
96 silly idealTree ├── etag@1.7.0
96 silly idealTree ├── eventemitter2@0.4.14
96 silly idealTree ├── exit@0.1.2
96 silly idealTree ├─┬ express-session@1.13.0
96 silly idealTree │ └── cookie@0.2.3
96 silly idealTree ├── express@4.13.4
96 silly idealTree ├── figures@1.5.0
96 silly idealTree ├── file-sync-cmp@0.1.1
96 silly idealTree ├── finalhandler@0.4.1
96 silly idealTree ├── find-up@1.1.2
96 silly idealTree ├─┬ findup-sync@0.3.0
96 silly idealTree │ └── glob@5.0.15
96 silly idealTree ├── forwarded@0.1.0
96 silly idealTree ├── fresh@0.3.0
96 silly idealTree ├── get-stdin@4.0.1
96 silly idealTree ├── getobject@0.1.0
96 silly idealTree ├── glob@7.0.3
96 silly idealTree ├── graceful-fs@4.1.3
96 silly idealTree ├── grunt-contrib-copy@1.0.0
96 silly idealTree ├─┬ grunt-contrib-uglify@1.0.1
96 silly idealTree │ └── lodash@4.11.1
96 silly idealTree ├── grunt-known-options@1.1.0
96 silly idealTree ├─┬ grunt-legacy-log-utils@1.0.0
96 silly idealTree │ └── lodash@4.3.0
96 silly idealTree ├── grunt-legacy-log@1.0.0
96 silly idealTree ├─┬ grunt-legacy-util@1.0.0
96 silly idealTree │ └── lodash@4.3.0
96 silly idealTree ├─┬ grunt@1.0.1
96 silly idealTree │ └── grunt-cli@1.2.0
96 silly idealTree ├── gzip-size@1.0.0
96 silly idealTree ├── has-ansi@2.0.0
96 silly idealTree ├── hooker@0.2.3
96 silly idealTree ├── hooks-fixed@1.1.0
96 silly idealTree ├── hosted-git-info@2.1.4
96 silly idealTree ├── http-errors@1.3.1
96 silly idealTree ├── iconv-lite@0.4.13
96 silly idealTree ├── indent-string@2.1.0
96 silly idealTree ├── inflight@1.0.4
96 silly idealTree ├── inherits@2.0.1
96 silly idealTree ├── ipaddr.js@1.0.5
96 silly idealTree ├── is-absolute@0.1.7
96 silly idealTree ├── is-arrayish@0.2.1
96 silly idealTree ├── is-buffer@1.1.3
96 silly idealTree ├── is-builtin-module@1.0.0
96 silly idealTree ├── is-finite@1.0.1
96 silly idealTree ├── is-relative@0.1.3
96 silly idealTree ├── is-utf8@0.2.1
96 silly idealTree ├── isarray@1.0.0
96 silly idealTree ├── isexe@1.1.2
96 silly idealTree ├── js-yaml@3.5.5
96 silly idealTree ├── kareem@1.0.1
96 silly idealTree ├── kind-of@3.0.2
96 silly idealTree ├── lazy-cache@1.0.4
96 silly idealTree ├── load-json-file@1.1.0
96 silly idealTree ├── lodash@3.10.1
96 silly idealTree ├── longest@1.0.1
96 silly idealTree ├── loud-rejection@1.3.0
96 silly idealTree ├── map-obj@1.0.1
96 silly idealTree ├── maxmin@1.1.0
96 silly idealTree ├── media-typer@0.3.0
96 silly idealTree ├── meow@3.7.0
96 silly idealTree ├── merge-descriptors@1.0.1
96 silly idealTree ├── methods@1.1.2
96 silly idealTree ├── mime-db@1.22.0
96 silly idealTree ├── mime-types@2.1.10
96 silly idealTree ├── mime@1.3.4
96 silly idealTree ├── minimatch@3.0.0
96 silly idealTree ├── minimist@1.2.0
96 silly idealTree ├── mongo@0.1.0
96 silly idealTree ├── mongodb-core@1.3.16
96 silly idealTree ├── mongodb@2.1.16
96 silly idealTree ├── mongoose@4.4.12
96 silly idealTree ├── mpath@0.2.1
96 silly idealTree ├── mpromise@0.5.5
96 silly idealTree ├─┬ mquery@1.10.0
96 silly idealTree │ └── sliced@0.0.5
96 silly idealTree ├── ms@0.7.1
96 silly idealTree ├── muri@1.1.0
96 silly idealTree ├── nan@2.3.5
96 silly idealTree ├── negotiator@0.5.3
96 silly idealTree ├─┬ nodemailer@2.3.2
96 silly idealTree │ ├── addressparser@1.0.1
96 silly idealTree │ ├── buildmail@3.6.0
96 silly idealTree │ ├── iconv-lite@0.4.13
96 silly idealTree │ ├── ip@1.1.2
96 silly idealTree │ ├── libbase64@0.1.0
96 silly idealTree │ ├── libmime@2.0.3
96 silly idealTree │ ├── libqp@1.1.0
96 silly idealTree │ ├── mailcomposer@3.7.0
96 silly idealTree │ ├── nodemailer-direct-transport@3.0.7
96 silly idealTree │ ├── nodemailer-fetch@1.3.0
96 silly idealTree │ ├── nodemailer-shared@1.0.4
96 silly idealTree │ ├── nodemailer-smtp-pool@2.5.2
96 silly idealTree │ ├── nodemailer-smtp-transport@2.4.2
96 silly idealTree │ ├── nodemailer-wellknown@0.1.8
96 silly idealTree │ ├── smart-buffer@1.0.4
96 silly idealTree │ ├── smtp-connection@2.3.2
96 silly idealTree │ └── socks@1.1.9
96 silly idealTree ├── nopt@3.0.6
96 silly idealTree ├── normalize-package-data@2.3.5
96 silly idealTree ├── number-is-nan@1.0.0
96 silly idealTree ├── object-assign@4.0.1
96 silly idealTree ├── on-finished@2.3.0
96 silly idealTree ├── on-headers@1.0.1
96 silly idealTree ├── once@1.3.3
96 silly idealTree ├── pako@0.2.8
96 silly idealTree ├── parse-json@2.2.0
96 silly idealTree ├── parseurl@1.3.1
96 silly idealTree ├── passport-local@1.0.0
96 silly idealTree ├── passport-strategy@1.0.0
96 silly idealTree ├── passport@0.3.2
96 silly idealTree ├── path-exists@2.1.0
96 silly idealTree ├── path-is-absolute@1.0.0
96 silly idealTree ├── path-to-regexp@0.1.7
96 silly idealTree ├── path-type@1.1.0
96 silly idealTree ├── pause@0.0.1
96 silly idealTree ├── pify@2.3.0
96 silly idealTree ├── pinkie-promise@2.0.1
96 silly idealTree ├── pinkie@2.0.4
96 silly idealTree ├── pretty-bytes@1.0.4
96 silly idealTree ├── process-nextick-args@1.0.6
96 silly idealTree ├── proxy-addr@1.0.10
96 silly idealTree ├── qs@4.0.0
96 silly idealTree ├── range-parser@1.0.3
96 silly idealTree ├─┬ raw-body@2.1.6
96 silly idealTree │ └── bytes@2.3.0
96 silly idealTree ├── read-pkg-up@1.0.1
96 silly idealTree ├── read-pkg@1.1.0
96 silly idealTree ├─┬ readable-stream@1.0.31
96 silly idealTree │ └── isarray@0.0.1
96 silly idealTree ├── redent@1.0.0
96 silly idealTree ├── regexp-clone@0.0.1
96 silly idealTree ├── repeat-string@1.5.4
96 silly idealTree ├── repeating@2.0.1
96 silly idealTree ├── require_optional@1.0.0
96 silly idealTree ├── resolve-from@2.0.0
96 silly idealTree ├── resolve@1.1.7
96 silly idealTree ├── right-align@0.1.3
96 silly idealTree ├── rimraf@2.2.8
96 silly idealTree ├── semver@5.1.0
96 silly idealTree ├── send@0.13.1
96 silly idealTree ├── serve-static@1.10.2
96 silly idealTree ├── signal-exit@2.1.2
96 silly idealTree ├── sliced@1.0.1
96 silly idealTree ├── source-map@0.5.5
96 silly idealTree ├── spdx-correct@1.0.2
96 silly idealTree ├── spdx-exceptions@1.0.4
96 silly idealTree ├── spdx-expression-parse@1.0.2
96 silly idealTree ├── spdx-license-ids@1.2.1
96 silly idealTree ├── sprintf-js@1.0.3
96 silly idealTree ├── statuses@1.2.1
96 silly idealTree ├── string_decoder@0.10.31
96 silly idealTree ├── strip-ansi@3.0.1
96 silly idealTree ├── strip-bom@2.0.0
96 silly idealTree ├── strip-indent@1.0.1
96 silly idealTree ├── supports-color@2.0.0
96 silly idealTree ├── trim-newlines@1.0.0
96 silly idealTree ├── type-is@1.6.12
96 silly idealTree ├── typedarray@0.0.6
96 silly idealTree ├─┬ uglify-js@2.6.2
96 silly idealTree │ └── async@0.2.10
96 silly idealTree ├── uglify-to-browserify@1.0.2
96 silly idealTree ├── uid-safe@2.0.0
96 silly idealTree ├── underscore.string@3.2.3
96 silly idealTree ├── unpipe@1.0.0
96 silly idealTree ├── uri-path@1.0.0
96 silly idealTree ├── util-deprecate@1.0.2
96 silly idealTree ├── utils-merge@1.0.0
96 silly idealTree ├── validate-npm-package-license@3.0.1
96 silly idealTree ├── vary@1.0.1
96 silly idealTree ├── which@1.2.4
96 silly idealTree ├── window-size@0.1.0
96 silly idealTree ├── wordwrap@0.0.2
96 silly idealTree ├── wrappy@1.0.1
96 silly idealTree └─┬ yargs@3.10.0
96 silly idealTree   └── camelcase@1.2.1
97 silly generateActionsToTake Starting
98 silly install generateActionsToTake
99 silly generateActionsToTake Finishing
100 silly diffTrees action count 2
101 silly diffTrees add nan@2.3.5
102 silly diffTrees add bcrypt@0.8.7
103 silly decomposeActions action count 16
104 silly decomposeActions fetch nan@2.3.5
105 silly decomposeActions extract nan@2.3.5
106 silly decomposeActions test nan@2.3.5
107 silly decomposeActions preinstall nan@2.3.5
108 silly decomposeActions build nan@2.3.5
109 silly decomposeActions install nan@2.3.5
110 silly decomposeActions postinstall nan@2.3.5
111 silly decomposeActions finalize nan@2.3.5
112 silly decomposeActions fetch bcrypt@0.8.7
113 silly decomposeActions extract bcrypt@0.8.7
114 silly decomposeActions test bcrypt@0.8.7
115 silly decomposeActions preinstall bcrypt@0.8.7
116 silly decomposeActions build bcrypt@0.8.7
117 silly decomposeActions install bcrypt@0.8.7
118 silly decomposeActions postinstall bcrypt@0.8.7
119 silly decomposeActions finalize bcrypt@0.8.7
120 silly executeActions Starting
121 silly install executeActions
122 silly doSerial global-install 0
123 silly doParallel fetch 2
124 verbose correctMkdir /Users/thomaschester/.npm/_locks correctMkdir not in flight; initializing
125 verbose lock using /Users/thomaschester/.npm/_locks/staging-a9946e8ebab8e1d3.lock for /Users/thomaschester/Desktop/desktop/duplexchickteam-duplexchickcalculator-23b7f040f2da/node_modules/.staging
126 silly doParallel extract 2
127 silly extract nan@2.3.5
128 silly extract bcrypt@0.8.7
129 verbose unbuild node_modules/.staging/nan-f3d34724
130 verbose unbuild node_modules/.staging/bcrypt-0ae1c234
131 silly gentlyRm /Users/thomaschester/Desktop/desktop/duplexchickteam-duplexchickcalculator-23b7f040f2da/node_modules/.staging/nan-f3d34724 is being purged from base /Users/thomaschester/Desktop/desktop/duplexchickteam-duplexchickcalculator-23b7f040f2da
132 verbose gentlyRm don't care about contents; nuking /Users/thomaschester/Desktop/desktop/duplexchickteam-duplexchickcalculator-23b7f040f2da/node_modules/.staging/nan-f3d34724
133 verbose tar unpack /Users/thomaschester/.npm/nan/2.3.5/package.tgz
134 verbose tar unpacking to /Users/thomaschester/Desktop/desktop/duplexchickteam-duplexchickcalculator-23b7f040f2da/node_modules/.staging/nan-f3d34724
135 silly gentlyRm /Users/thomaschester/Desktop/desktop/duplexchickteam-duplexchickcalculator-23b7f040f2da/node_modules/.staging/nan-f3d34724 is being purged
136 verbose gentlyRm don't care about contents; nuking /Users/thomaschester/Desktop/desktop/duplexchickteam-duplexchickcalculator-23b7f040f2da/node_modules/.staging/nan-f3d34724
137 silly gentlyRm /Users/thomaschester/Desktop/desktop/duplexchickteam-duplexchickcalculator-23b7f040f2da/node_modules/.staging/bcrypt-0ae1c234 is being purged from base /Users/thomaschester/Desktop/desktop/duplexchickteam-duplexchickcalculator-23b7f040f2da
138 verbose gentlyRm don't care about contents; nuking /Users/thomaschester/Desktop/desktop/duplexchickteam-duplexchickcalculator-23b7f040f2da/node_modules/.staging/bcrypt-0ae1c234
139 silly gunzTarPerm modes [ '755', '644' ]
140 verbose tar unpack /Users/thomaschester/.npm/bcrypt/0.8.7/package.tgz
141 verbose tar unpacking to /Users/thomaschester/Desktop/desktop/duplexchickteam-duplexchickcalculator-23b7f040f2da/node_modules/.staging/bcrypt-0ae1c234
142 silly gentlyRm /Users/thomaschester/Desktop/desktop/duplexchickteam-duplexchickcalculator-23b7f040f2da/node_modules/.staging/bcrypt-0ae1c234 is being purged
143 verbose gentlyRm don't care about contents; nuking /Users/thomaschester/Desktop/desktop/duplexchickteam-duplexchickcalculator-23b7f040f2da/node_modules/.staging/bcrypt-0ae1c234
144 silly gunzTarPerm modes [ '755', '644' ]
145 silly gunzTarPerm extractEntry package.json
146 silly gunzTarPerm modified mode [ 'package.json', 436, 420 ]
147 silly gunzTarPerm extractEntry package.json
148 silly gunzTarPerm extractEntry README.md
149 silly gunzTarPerm modified mode [ 'README.md', 436, 420 ]
150 silly gunzTarPerm extractEntry include_dirs.js
151 silly gunzTarPerm modified mode [ 'include_dirs.js', 436, 420 ]
152 silly gunzTarPerm extractEntry .npmignore
153 silly gunzTarPerm extractEntry README.md
154 silly gunzTarPerm extractEntry nan_converters.h
155 silly gunzTarPerm modified mode [ 'nan_converters.h', 436, 420 ]
156 silly gunzTarPerm extractEntry LICENSE.md
157 silly gunzTarPerm modified mode [ 'LICENSE.md', 436, 420 ]
158 silly gunzTarPerm extractEntry doc/node_misc.md
159 silly gunzTarPerm modified mode [ 'doc/node_misc.md', 436, 420 ]
160 silly gunzTarPerm extractEntry LICENSE
161 silly gunzTarPerm extractEntry bcrypt.js
162 silly gunzTarPerm extractEntry Makefile
163 silly gunzTarPerm extractEntry .travis.yml
164 silly gunzTarPerm extractEntry CHANGELOG.md
165 silly gunzTarPerm extractEntry binding.gyp
166 silly gunzTarPerm extractEntry examples/async_compare.js
167 silly gunzTarPerm extractEntry examples/forever_gen_salt.js
168 silly gunzTarPerm extractEntry test/async.js
169 silly gunzTarPerm extractEntry test/repetitions.js
170 silly gunzTarPerm extractEntry test/sync.js
171 silly gunzTarPerm extractEntry ISSUE_TEMPLATE.md
172 silly gunzTarPerm extractEntry src/bcrypt.cc
173 silly gunzTarPerm extractEntry src/bcrypt_node.cc
174 silly gunzTarPerm extractEntry src/blowfish.cc
175 silly gunzTarPerm extractEntry src/node_blf.h
176 silly gunzTarPerm extractEntry werker.yml
177 silly gunzTarPerm extractEntry doc/asyncworker.md
178 silly gunzTarPerm modified mode [ 'doc/asyncworker.md', 436, 420 ]
179 silly gunzTarPerm extractEntry doc/callback.md
180 silly gunzTarPerm modified mode [ 'doc/callback.md', 436, 420 ]
181 silly gunzTarPerm extractEntry doc/converters.md
182 silly gunzTarPerm modified mode [ 'doc/converters.md', 436, 420 ]
183 silly gunzTarPerm extractEntry doc/errors.md
184 silly gunzTarPerm modified mode [ 'doc/errors.md', 436, 420 ]
185 silly gunzTarPerm extractEntry doc/maybe_types.md
186 silly gunzTarPerm modified mode [ 'doc/maybe_types.md', 436, 420 ]
187 silly gunzTarPerm extractEntry doc/methods.md
188 silly gunzTarPerm modified mode [ 'doc/methods.md', 436, 420 ]
189 silly gunzTarPerm extractEntry doc/new.md
190 silly gunzTarPerm modified mode [ 'doc/new.md', 436, 420 ]
191 silly gunzTarPerm extractEntry doc/buffers.md
192 silly gunzTarPerm modified mode [ 'doc/buffers.md', 436, 420 ]
193 silly gunzTarPerm extractEntry doc/object_wrappers.md
194 silly gunzTarPerm modified mode [ 'doc/object_wrappers.md', 436, 420 ]
195 silly gunzTarPerm extractEntry doc/persistent.md
196 silly gunzTarPerm modified mode [ 'doc/persistent.md', 436, 420 ]
197 silly gunzTarPerm extractEntry doc/scopes.md
198 silly gunzTarPerm modified mode [ 'doc/scopes.md', 436, 420 ]
199 silly gunzTarPerm extractEntry doc/script.md
200 silly gunzTarPerm modified mode [ 'doc/script.md', 436, 420 ]
201 silly gunzTarPerm extractEntry doc/string_bytes.md
202 silly gunzTarPerm modified mode [ 'doc/string_bytes.md', 436, 420 ]
203 silly gunzTarPerm extractEntry doc/v8_internals.md
204 silly gunzTarPerm modified mode [ 'doc/v8_internals.md', 436, 420 ]
205 silly gunzTarPerm extractEntry doc/v8_misc.md
206 silly gunzTarPerm modified mode [ 'doc/v8_misc.md', 436, 420 ]
207 silly gunzTarPerm extractEntry nan.h
208 silly gunzTarPerm modified mode [ 'nan.h', 436, 420 ]
209 silly gunzTarPerm extractEntry nan_callbacks.h
210 silly gunzTarPerm modified mode [ 'nan_callbacks.h', 436, 420 ]
211 silly gunzTarPerm extractEntry nan_callbacks_12_inl.h
212 silly gunzTarPerm modified mode [ 'nan_callbacks_12_inl.h', 436, 420 ]
213 silly gunzTarPerm extractEntry nan_callbacks_pre_12_inl.h
214 silly gunzTarPerm modified mode [ 'nan_callbacks_pre_12_inl.h', 436, 420 ]
215 silly gunzTarPerm extractEntry nan_converters_43_inl.h
216 silly gunzTarPerm modified mode [ 'nan_converters_43_inl.h', 436, 420 ]
217 silly gunzTarPerm extractEntry nan_converters_pre_43_inl.h
218 silly gunzTarPerm modified mode [ 'nan_converters_pre_43_inl.h', 436, 420 ]
219 silly gunzTarPerm extractEntry nan_implementation_12_inl.h
220 silly gunzTarPerm modified mode [ 'nan_implementation_12_inl.h', 436, 420 ]
221 silly gunzTarPerm extractEntry nan_implementation_pre_12_inl.h
222 silly gunzTarPerm modified mode [ 'nan_implementation_pre_12_inl.h', 436, 420 ]
223 silly gunzTarPerm extractEntry nan_maybe_43_inl.h
224 silly gunzTarPerm modified mode [ 'nan_maybe_43_inl.h', 436, 420 ]
225 silly gunzTarPerm extractEntry nan_maybe_pre_43_inl.h
226 silly gunzTarPerm modified mode [ 'nan_maybe_pre_43_inl.h', 436, 420 ]
227 silly gunzTarPerm extractEntry nan_new.h
228 silly gunzTarPerm modified mode [ 'nan_new.h', 436, 420 ]
229 silly gunzTarPerm extractEntry nan_object_wrap.h
230 silly gunzTarPerm modified mode [ 'nan_object_wrap.h', 436, 420 ]
231 silly gunzTarPerm extractEntry nan_persistent_12_inl.h
232 silly gunzTarPerm modified mode [ 'nan_persistent_12_inl.h', 436, 420 ]
233 silly gunzTarPerm extractEntry nan_persistent_pre_12_inl.h
234 silly gunzTarPerm modified mode [ 'nan_persistent_pre_12_inl.h', 436, 420 ]
235 silly gunzTarPerm extractEntry nan_string_bytes.h
236 silly gunzTarPerm modified mode [ 'nan_string_bytes.h', 436, 420 ]
237 silly gunzTarPerm extractEntry nan_typedarray_contents.h
238 silly gunzTarPerm modified mode [ 'nan_typedarray_contents.h', 436, 420 ]
239 silly gunzTarPerm extractEntry nan_weak.h
240 silly gunzTarPerm modified mode [ 'nan_weak.h', 436, 420 ]
241 silly gunzTarPerm extractEntry CHANGELOG.md
242 silly gunzTarPerm modified mode [ 'CHANGELOG.md', 436, 420 ]
243 silly gunzTarPerm extractEntry tools/package.json
244 silly gunzTarPerm modified mode [ 'tools/package.json', 436, 420 ]
245 silly gunzTarPerm extractEntry tools/README.md
246 silly gunzTarPerm modified mode [ 'tools/README.md', 436, 420 ]
247 silly gunzTarPerm extractEntry tools/1to2.js
248 silly gunzTarPerm modified mode [ 'tools/1to2.js', 509, 493 ]
249 silly gentlyRm /Users/thomaschester/Desktop/desktop/duplexchickteam-duplexchickcalculator-23b7f040f2da/node_modules/.staging/bcrypt-0ae1c234/node_modules is being purged
250 verbose gentlyRm don't care about contents; nuking /Users/thomaschester/Desktop/desktop/duplexchickteam-duplexchickcalculator-23b7f040f2da/node_modules/.staging/bcrypt-0ae1c234/node_modules
251 silly gentlyRm /Users/thomaschester/Desktop/desktop/duplexchickteam-duplexchickcalculator-23b7f040f2da/node_modules/.staging/nan-f3d34724/node_modules is being purged
252 verbose gentlyRm don't care about contents; nuking /Users/thomaschester/Desktop/desktop/duplexchickteam-duplexchickcalculator-23b7f040f2da/node_modules/.staging/nan-f3d34724/node_modules
253 silly doParallel preinstall 2
254 silly preinstall nan@2.3.5 /Users/thomaschester/Desktop/desktop/duplexchickteam-duplexchickcalculator-23b7f040f2da/node_modules/.staging/nan-f3d34724
255 info lifecycle nan@2.3.5~preinstall: nan@2.3.5
256 silly preinstall bcrypt@0.8.7 /Users/thomaschester/Desktop/desktop/duplexchickteam-duplexchickcalculator-23b7f040f2da/node_modules/.staging/bcrypt-0ae1c234
257 info lifecycle bcrypt@0.8.7~preinstall: bcrypt@0.8.7
258 silly lifecycle nan@2.3.5~preinstall: no script for preinstall, continuing
259 silly lifecycle bcrypt@0.8.7~preinstall: no script for preinstall, continuing
260 silly doReverseSerial remove 0
261 silly doSerial move 0
262 silly doSerial finalize 2
263 silly finalize /Users/thomaschester/Desktop/desktop/duplexchickteam-duplexchickcalculator-23b7f040f2da/node_modules/nan
264 silly finalize /Users/thomaschester/Desktop/desktop/duplexchickteam-duplexchickcalculator-23b7f040f2da/node_modules/bcrypt
265 silly doSerial build 2
266 silly build nan@2.3.5
267 info linkStuff nan@2.3.5
268 silly linkStuff nan@2.3.5 has /Users/thomaschester/Desktop/desktop/duplexchickteam-duplexchickcalculator-23b7f040f2da/node_modules as its parent node_modules
269 verbose linkBins nan@2.3.5
270 verbose linkMans nan@2.3.5
271 silly build bcrypt@0.8.7
272 info linkStuff bcrypt@0.8.7
273 silly linkStuff bcrypt@0.8.7 has /Users/thomaschester/Desktop/desktop/duplexchickteam-duplexchickcalculator-23b7f040f2da/node_modules as its parent node_modules
274 verbose linkBins bcrypt@0.8.7
275 verbose linkMans bcrypt@0.8.7
276 silly doSerial global-link 0
277 silly doParallel update-linked 0
278 silly doSerial install 2
279 silly install nan@2.3.5 /Users/thomaschester/Desktop/desktop/duplexchickteam-duplexchickcalculator-23b7f040f2da/node_modules/.staging/nan-f3d34724
280 info lifecycle nan@2.3.5~install: nan@2.3.5
281 silly lifecycle nan@2.3.5~install: no script for install, continuing
282 silly install bcrypt@0.8.7 /Users/thomaschester/Desktop/desktop/duplexchickteam-duplexchickcalculator-23b7f040f2da/node_modules/.staging/bcrypt-0ae1c234
283 info lifecycle bcrypt@0.8.7~install: bcrypt@0.8.7
284 verbose lifecycle bcrypt@0.8.7~install: unsafe-perm in lifecycle true
285 verbose lifecycle bcrypt@0.8.7~install: PATH: /usr/local/lib/node_modules/npm/bin/node-gyp-bin:/Users/thomaschester/Desktop/desktop/duplexchickteam-duplexchickcalculator-23b7f040f2da/node_modules/bcrypt/node_modules/.bin:/Users/thomaschester/Desktop/desktop/duplexchickteam-duplexchickcalculator-23b7f040f2da/node_modules/.bin:/usr/local/bin:/Users/thomaschester/Library/Enthought/Canopy_64bit/User/bin:/Library/Frameworks/Python.framework/Versions/3.4/bin:/usr/local/bin:/usr/bin:/bin:/usr/sbin:/sbin:/usr/local/git/bin:/usr/local/mysql/bin:/usr/local/mysql/bin
286 verbose lifecycle bcrypt@0.8.7~install: CWD: /Users/thomaschester/Desktop/desktop/duplexchickteam-duplexchickcalculator-23b7f040f2da/node_modules/bcrypt
287 silly lifecycle bcrypt@0.8.7~install: Args: [ '-c', 'node-gyp rebuild' ]
288 silly lifecycle bcrypt@0.8.7~install: Returned: code: 1  signal: null
289 info lifecycle bcrypt@0.8.7~install: Failed to exec install script
290 verbose unlock done using /Users/thomaschester/.npm/_locks/staging-a9946e8ebab8e1d3.lock for /Users/thomaschester/Desktop/desktop/duplexchickteam-duplexchickcalculator-23b7f040f2da/node_modules/.staging
291 silly rollbackFailedOptional Starting
292 silly rollbackFailedOptional Finishing
293 silly runTopLevelLifecycles Starting
294 silly runTopLevelLifecycles Finishing
295 silly install printInstalled
296 warn duplexchicks@1.0.0 No repository field.
297 verbose stack Error: bcrypt@0.8.7 install: `node-gyp rebuild`
297 verbose stack Exit status 1
297 verbose stack     at EventEmitter.<anonymous> (/usr/local/lib/node_modules/npm/lib/utils/lifecycle.js:242:16)
297 verbose stack     at emitTwo (events.js:106:13)
297 verbose stack     at EventEmitter.emit (events.js:191:7)
297 verbose stack     at ChildProcess.<anonymous> (/usr/local/lib/node_modules/npm/lib/utils/spawn.js:40:14)
297 verbose stack     at emitTwo (events.js:106:13)
297 verbose stack     at ChildProcess.emit (events.js:191:7)
297 verbose stack     at maybeClose (internal/child_process.js:852:16)
297 verbose stack     at Process.ChildProcess._handle.onexit (internal/child_process.js:215:5)
298 verbose pkgid bcrypt@0.8.7
299 verbose cwd /Users/thomaschester/Desktop/desktop/duplexchickteam-duplexchickcalculator-23b7f040f2da
300 error Darwin 15.5.0
301 error argv "/usr/local/bin/node" "/usr/local/bin/npm" "install"
302 error node v6.2.2
303 error npm  v3.10.3
304 error code ELIFECYCLE
305 error bcrypt@0.8.7 install: `node-gyp rebuild`
305 error Exit status 1
306 error Failed at the bcrypt@0.8.7 install script 'node-gyp rebuild'.
306 error Make sure you have the latest version of node.js and npm installed.
306 error If you do, this is most likely a problem with the bcrypt package,
306 error not with npm itself.
306 error Tell the author that this fails on your system:
306 error     node-gyp rebuild
306 error You can get information on how to open an issue for this project with:
306 error     npm bugs bcrypt
306 error Or if that isn't available, you can get their info via:
306 error     npm owner ls bcrypt
306 error There is likely additional logging output above.
307 verbose exit [ 1, true ]
